<?xml version="1.0" encoding="UTF-8"?>
<testsuite name="test.TestApplicationTests" tests="1" skipped="0" failures="0" errors="0" timestamp="2016-09-29T08:37:23" hostname="WN17168" time="0.015">
  <properties/>
  <testcase name="contextLoads" classname="test.TestApplicationTests" time="0.015"/>
  <system-out><![CDATA[17:37:20.617 [Test worker] DEBUG org.springframework.test.context.junit4.SpringJUnit4ClassRunner - SpringJUnit4ClassRunner constructor called with [class test.TestApplicationTests]
17:37:20.621 [Test worker] DEBUG org.springframework.test.context.BootstrapUtils - Instantiating CacheAwareContextLoaderDelegate from class [org.springframework.test.context.cache.DefaultCacheAwareContextLoaderDelegate]
17:37:20.629 [Test worker] DEBUG org.springframework.test.context.BootstrapUtils - Instantiating BootstrapContext using constructor [public org.springframework.test.context.support.DefaultBootstrapContext(java.lang.Class,org.springframework.test.context.CacheAwareContextLoaderDelegate)]
17:37:20.642 [Test worker] DEBUG org.springframework.test.context.BootstrapUtils - Instantiating TestContextBootstrapper for test class [test.TestApplicationTests] from class [org.springframework.boot.test.context.SpringBootTestContextBootstrapper]
17:37:20.655 [Test worker] INFO org.springframework.boot.test.context.SpringBootTestContextBootstrapper - Neither @ContextConfiguration nor @ContextHierarchy found for test class [test.TestApplicationTests], using SpringBootContextLoader
17:37:20.659 [Test worker] DEBUG org.springframework.test.context.support.AbstractContextLoader - Did not detect default resource location for test class [test.TestApplicationTests]: class path resource [test/TestApplicationTests-context.xml] does not exist
17:37:20.659 [Test worker] DEBUG org.springframework.test.context.support.AbstractContextLoader - Did not detect default resource location for test class [test.TestApplicationTests]: class path resource [test/TestApplicationTestsContext.groovy] does not exist
17:37:20.659 [Test worker] INFO org.springframework.test.context.support.AbstractContextLoader - Could not detect default resource locations for test class [test.TestApplicationTests]: no resource found for suffixes {-context.xml, Context.groovy}.
17:37:20.660 [Test worker] INFO org.springframework.test.context.support.AnnotationConfigContextLoaderUtils - Could not detect default configuration classes for test class [test.TestApplicationTests]: TestApplicationTests does not declare any static, non-private, non-final, nested classes annotated with @Configuration.
17:37:20.695 [Test worker] DEBUG org.springframework.test.context.support.ActiveProfilesUtils - Could not find an 'annotation declaring class' for annotation type [org.springframework.test.context.ActiveProfiles] and class [test.TestApplicationTests]
17:37:20.738 [Test worker] DEBUG org.springframework.core.env.StandardEnvironment - Adding [systemProperties] PropertySource with lowest search precedence
17:37:20.739 [Test worker] DEBUG org.springframework.core.env.StandardEnvironment - Adding [systemEnvironment] PropertySource with lowest search precedence
17:37:20.739 [Test worker] DEBUG org.springframework.core.env.StandardEnvironment - Initialized StandardEnvironment with PropertySources [systemProperties,systemEnvironment]
17:37:20.751 [Test worker] DEBUG org.springframework.core.io.support.PathMatchingResourcePatternResolver - Resolved classpath location [test/] to resources [URL [file:/C:/newProjects/test/build/classes/test/test/], URL [file:/C:/newProjects/test/build/classes/main/test/]]
17:37:20.752 [Test worker] DEBUG org.springframework.core.io.support.PathMatchingResourcePatternResolver - Looking for matching resources in directory tree [C:\newProjects\test\build\classes\test\test]
17:37:20.752 [Test worker] DEBUG org.springframework.core.io.support.PathMatchingResourcePatternResolver - Searching directory [C:\newProjects\test\build\classes\test\test] for files matching pattern [C:/newProjects/test/build/classes/test/test/*.class]
17:37:20.755 [Test worker] DEBUG org.springframework.core.io.support.PathMatchingResourcePatternResolver - Looking for matching resources in directory tree [C:\newProjects\test\build\classes\main\test]
17:37:20.756 [Test worker] DEBUG org.springframework.core.io.support.PathMatchingResourcePatternResolver - Searching directory [C:\newProjects\test\build\classes\main\test] for files matching pattern [C:/newProjects/test/build/classes/main/test/*.class]
17:37:20.757 [Test worker] DEBUG org.springframework.core.io.support.PathMatchingResourcePatternResolver - Resolved location pattern [classpath*:test/*.class] to resources [file [C:\newProjects\test\build\classes\test\test\TestApplicationTests.class], file [C:\newProjects\test\build\classes\main\test\TestApplication.class]]
17:37:20.800 [Test worker] DEBUG org.springframework.context.annotation.ClassPathScanningCandidateComponentProvider - Identified candidate component class: file [C:\newProjects\test\build\classes\main\test\TestApplication.class]
17:37:20.801 [Test worker] INFO org.springframework.boot.test.context.SpringBootTestContextBootstrapper - Found @SpringBootConfiguration test.TestApplication for test class test.TestApplicationTests
17:37:20.805 [Test worker] DEBUG org.springframework.boot.test.context.SpringBootTestContextBootstrapper - @TestExecutionListeners is not present for class [test.TestApplicationTests]: using defaults.
17:37:20.809 [Test worker] INFO org.springframework.boot.test.context.SpringBootTestContextBootstrapper - Loaded default TestExecutionListener class names from location [META-INF/spring.factories]: [org.springframework.boot.test.mock.mockito.MockitoTestExecutionListener, org.springframework.boot.test.mock.mockito.ResetMocksTestExecutionListener, org.springframework.boot.test.autoconfigure.AutoConfigureReportTestExecutionListener, org.springframework.boot.test.autoconfigure.restdocs.RestDocsTestExecutionListener, org.springframework.boot.test.autoconfigure.web.client.MockRestServiceServerResetTestExecutionListener, org.springframework.test.context.web.ServletTestExecutionListener, org.springframework.test.context.support.DirtiesContextBeforeModesTestExecutionListener, org.springframework.test.context.support.DependencyInjectionTestExecutionListener, org.springframework.test.context.support.DirtiesContextTestExecutionListener, org.springframework.test.context.transaction.TransactionalTestExecutionListener, org.springframework.test.context.jdbc.SqlScriptsTestExecutionListener]
17:37:20.824 [Test worker] INFO org.springframework.boot.test.context.SpringBootTestContextBootstrapper - Using TestExecutionListeners: [org.springframework.test.context.web.ServletTestExecutionListener@258abd0d, org.springframework.test.context.support.DirtiesContextBeforeModesTestExecutionListener@10459a83, org.springframework.boot.test.autoconfigure.AutoConfigureReportTestExecutionListener@7acde468, org.springframework.test.context.support.DependencyInjectionTestExecutionListener@594c5db2, org.springframework.test.context.support.DirtiesContextTestExecutionListener@29dee143, org.springframework.test.context.transaction.TransactionalTestExecutionListener@15f3e779, org.springframework.test.context.jdbc.SqlScriptsTestExecutionListener@8af0b, org.springframework.boot.test.autoconfigure.restdocs.RestDocsTestExecutionListener@3b92c375, org.springframework.boot.test.mock.mockito.ResetMocksTestExecutionListener@6518e9bd, org.springframework.boot.test.autoconfigure.web.client.MockRestServiceServerResetTestExecutionListener@6f5a0248, org.springframework.boot.test.mock.mockito.MockitoTestExecutionListener@2a6f985f]
17:37:20.827 [Test worker] DEBUG org.springframework.test.annotation.ProfileValueUtils - Retrieved @ProfileValueSourceConfiguration [null] for test class [test.TestApplicationTests]
17:37:20.828 [Test worker] DEBUG org.springframework.test.annotation.ProfileValueUtils - Retrieved ProfileValueSource type [class org.springframework.test.annotation.SystemProfileValueSource] for class [test.TestApplicationTests]
17:37:20.829 [Test worker] DEBUG org.springframework.test.annotation.ProfileValueUtils - Retrieved @ProfileValueSourceConfiguration [null] for test class [test.TestApplicationTests]
17:37:20.829 [Test worker] DEBUG org.springframework.test.annotation.ProfileValueUtils - Retrieved ProfileValueSource type [class org.springframework.test.annotation.SystemProfileValueSource] for class [test.TestApplicationTests]
17:37:20.833 [Test worker] DEBUG org.springframework.test.context.support.AbstractDirtiesContextTestExecutionListener - Before test class: context [DefaultTestContext@174e44d2 testClass = TestApplicationTests, testInstance = [null], testMethod = [null], testException = [null], mergedContextConfiguration = [WebMergedContextConfiguration@20774413 testClass = TestApplicationTests, locations = '{}', classes = '{class test.TestApplication}', contextInitializerClasses = '[]', activeProfiles = '{}', propertySourceLocations = '{}', propertySourceProperties = '{org.springframework.boot.test.context.SpringBootTestContextBootstrapper=true}', contextCustomizers = set[org.springframework.boot.test.context.SpringBootTestContextCustomizer@28a9a394, org.springframework.boot.test.context.filter.ExcludeFilterContextCustomizer@7e77b65, org.springframework.boot.test.mock.mockito.MockitoContextCustomizer@0, org.springframework.boot.test.autoconfigure.properties.PropertyMappingContextCustomizer@0], resourceBasePath = 'src/main/webapp', contextLoader = 'org.springframework.boot.test.context.SpringBootContextLoader', parent = [null]]], class annotated with @DirtiesContext [false] with mode [null].
17:37:20.834 [Test worker] DEBUG org.springframework.test.annotation.ProfileValueUtils - Retrieved @ProfileValueSourceConfiguration [null] for test class [test.TestApplicationTests]
17:37:20.834 [Test worker] DEBUG org.springframework.test.annotation.ProfileValueUtils - Retrieved ProfileValueSource type [class org.springframework.test.annotation.SystemProfileValueSource] for class [test.TestApplicationTests]
17:37:20.863 [Test worker] DEBUG org.springframework.core.env.StandardEnvironment - Adding [systemProperties] PropertySource with lowest search precedence
17:37:20.863 [Test worker] DEBUG org.springframework.core.env.StandardEnvironment - Adding [systemEnvironment] PropertySource with lowest search precedence
17:37:20.864 [Test worker] DEBUG org.springframework.core.env.StandardEnvironment - Initialized StandardEnvironment with PropertySources [systemProperties,systemEnvironment]
17:37:20.864 [Test worker] DEBUG org.springframework.test.context.support.TestPropertySourceUtils - Adding inlined properties to environment: {spring.jmx.enabled=false, org.springframework.boot.test.context.SpringBootTestContextBootstrapper=true, server.port=-1}
17:37:20.865 [Test worker] DEBUG org.springframework.core.env.StandardEnvironment - Adding [Inlined Test Properties] PropertySource with highest search precedence

  .   ____          _            __ _ _
 /\\ / ___'_ __ _ _(_)_ __  __ _ \ \ \ \
( ( )\___ | '_ | '_| | '_ \/ _` | \ \ \ \
 \\/  ___)| |_)| | | | | || (_| |  ) ) ) )
  '  |____| .__|_| |_|_| |_\__, | / / / /
 =========|_|==============|___/=/_/_/_/
 :: Spring Boot ::        (v1.4.0.RELEASE)

2016-09-29 17:37:21.261  INFO 8852 --- [    Test worker] test.TestApplicationTests                : Starting TestApplicationTests on WN17168 with PID 8852 (started by inganida86 in C:\newProjects\test)
2016-09-29 17:37:21.262  INFO 8852 --- [    Test worker] test.TestApplicationTests                : No active profile set, falling back to default profiles: default
2016-09-29 17:37:21.300  INFO 8852 --- [    Test worker] o.s.w.c.s.GenericWebApplicationContext   : Refreshing org.springframework.web.context.support.GenericWebApplicationContext@303554d5: startup date [Thu Sep 29 17:37:21 GMT+09:00 2016]; root of context hierarchy
2016-09-29 17:37:22.385  INFO 8852 --- [    Test worker] trationDelegate$BeanPostProcessorChecker : Bean 'org.springframework.transaction.annotation.ProxyTransactionManagementConfiguration' of type [class org.springframework.transaction.annotation.ProxyTransactionManagementConfiguration$$EnhancerBySpringCGLIB$$4518db1] is not eligible for getting processed by all BeanPostProcessors (for example: not eligible for auto-proxying)
2016-09-29 17:37:23.348  INFO 8852 --- [    Test worker] s.w.s.m.m.a.RequestMappingHandlerAdapter : Looking for @ControllerAdvice: org.springframework.web.context.support.GenericWebApplicationContext@303554d5: startup date [Thu Sep 29 17:37:21 GMT+09:00 2016]; root of context hierarchy
2016-09-29 17:37:23.433  INFO 8852 --- [    Test worker] s.w.s.m.m.a.RequestMappingHandlerMapping : Mapped "{[/test1]}" onto public java.lang.String test.common.CommonController.test()
2016-09-29 17:37:23.434  INFO 8852 --- [    Test worker] s.w.s.m.m.a.RequestMappingHandlerMapping : Mapped "{[/selectTest]}" onto public java.util.List test.common.CommonController.selectTest()
2016-09-29 17:37:23.436  INFO 8852 --- [    Test worker] s.w.s.m.m.a.RequestMappingHandlerMapping : Mapped "{[/error]}" onto public org.springframework.http.ResponseEntity<java.util.Map<java.lang.String, java.lang.Object>> org.springframework.boot.autoconfigure.web.BasicErrorController.error(javax.servlet.http.HttpServletRequest)
2016-09-29 17:37:23.436  INFO 8852 --- [    Test worker] s.w.s.m.m.a.RequestMappingHandlerMapping : Mapped "{[/error],produces=[text/html]}" onto public org.springframework.web.servlet.ModelAndView org.springframework.boot.autoconfigure.web.BasicErrorController.errorHtml(javax.servlet.http.HttpServletRequest,javax.servlet.http.HttpServletResponse)
2016-09-29 17:37:23.481  INFO 8852 --- [    Test worker] o.s.w.s.handler.SimpleUrlHandlerMapping  : Mapped URL path [/webjars/**] onto handler of type [class org.springframework.web.servlet.resource.ResourceHttpRequestHandler]
2016-09-29 17:37:23.481  INFO 8852 --- [    Test worker] o.s.w.s.handler.SimpleUrlHandlerMapping  : Mapped URL path [/**] onto handler of type [class org.springframework.web.servlet.resource.ResourceHttpRequestHandler]
2016-09-29 17:37:23.533  INFO 8852 --- [    Test worker] o.s.w.s.handler.SimpleUrlHandlerMapping  : Mapped URL path [/**/favicon.ico] onto handler of type [class org.springframework.web.servlet.resource.ResourceHttpRequestHandler]
2016-09-29 17:37:23.833  INFO 8852 --- [    Test worker] test.TestApplicationTests                : Started TestApplicationTests in 2.96 seconds (JVM running for 3.781)
]]></system-out>
  <system-err><![CDATA[]]></system-err>
</testsuite>
